<?xml version="1.0" encoding="UTF-8"?>
<testsuite name="se.sdaproject.LinkedListTests" tests="1" skipped="0" failures="0" errors="0" timestamp="2021-03-09T15:13:26" hostname="SDA-Lund-42-mbpro" time="0.025">
  <properties/>
  <testcase name="getANodeInListByIndex()" classname="se.sdaproject.LinkedListTests" time="0.025"/>
  <system-out><![CDATA[]]></system-out>
  <system-err><![CDATA[]]></system-err>
</testsuite>
